<?xml version="1.0" encoding="UTF-8"?>
<!-- Generated by org.testng.reporters.JUnitReportReporter -->
<testsuite hostname="SHADOW" failures="0" tests="10" name="api.test.DDTests" time="16.354" errors="0" timestamp="2023-09-03T22:51:10 IST" skipped="0">
  <testcase classname="api.test.DDTests" name="testPostuser" time="1.303"/>
  <system-out/>
  <testcase classname="api.test.DDTests" name="testPostuser" time="1.273"/>
  <system-out/>
  <testcase classname="api.test.DDTests" name="testPostuser" time="4.626"/>
  <system-out/>
  <testcase classname="api.test.DDTests" name="testPostuser" time="1.315"/>
  <system-out/>
  <testcase classname="api.test.DDTests" name="testPostuser" time="1.365"/>
  <system-out/>
  <testcase classname="api.test.DDTests" name="testDeleteUserByName" time="1.289"/>
  <system-out/>
  <testcase classname="api.test.DDTests" name="testDeleteUserByName" time="1.267"/>
  <system-out/>
  <testcase classname="api.test.DDTests" name="testDeleteUserByName" time="1.293"/>
  <system-out/>
  <testcase classname="api.test.DDTests" name="testDeleteUserByName" time="1.353"/>
  <system-out/>
  <testcase classname="api.test.DDTests" name="testDeleteUserByName" time="1.270"/>
  <system-out/>
</testsuite> <!-- api.test.DDTests -->
