<?xml version="1.0" encoding="UTF-8"?>
<!-- Generated by org.testng.reporters.JUnitReportReporter -->
<testsuite hostname="SHADOW" failures="0" tests="4" name="api.test.UserTests" time="11.688" errors="0" timestamp="2023-09-23T13:22:38 IST" skipped="0">
  <testcase classname="api.test.UserTests" name="testPostUser" time="5.111"/>
  <system-out/>
  <testcase classname="api.test.UserTests" name="testGetUserByName" time="1.614"/>
  <system-out/>
  <testcase classname="api.test.UserTests" name="testUpdateUserByName" time="3.420"/>
  <system-out/>
  <testcase classname="api.test.UserTests" name="testDeleteUserByName" time="1.543"/>
  <system-out/>
</testsuite> <!-- api.test.UserTests -->
